<?xml version="1.0" encoding="UTF-8"?>
<!-- Generated by org.testng.reporters.JUnitReportReporter -->
<testsuite skipped="0" hostname="Subratas-MacBook-Pro-3.local" name="travelSite.SeleniumPOC.AppTest" tests="1" failures="0" timestamp="2020-06-28T08:36:57 PDT" time="0.002" errors="0">
  <testcase name="testApp" time="0.002" classname="travelSite.SeleniumPOC.AppTest"/>
  <system-out/>
</testsuite> <!-- travelSite.SeleniumPOC.AppTest -->
