<?xml version="1.0" encoding="UTF-8"?>
<!-- Generated by org.testng.reporters.JUnitReportReporter -->
<testsuite skipped="0" hostname="Subratas-MacBook-Pro-3.local" name="travelSite.SeleniumPOC.HotWire" tests="3" failures="0" timestamp="2020-06-28T08:48:14 PDT" time="14.791" errors="0">
  <testcase name="vacation" time="12.503" classname="travelSite.SeleniumPOC.HotWire"/>
  <system-out/>
  <testcase name="launchURL" time="2.130" classname="travelSite.SeleniumPOC.HotWire"/>
  <system-out/>
  <testcase name="selectOpt" time="0.158" classname="travelSite.SeleniumPOC.HotWire"/>
  <system-out/>
</testsuite> <!-- travelSite.SeleniumPOC.HotWire -->
